Symbol range map extraction starting
Processing 30 files
processing com\github\creeper123123321\viafabric\ViaFabric.java
processing com\github\creeper123123321\viafabric\handler\CommonTransformer.java
processing com\github\creeper123123321\viafabric\handler\clientside\VRDecodeHandler.java
processing com\github\creeper123123321\viafabric\handler\clientside\VREncodeHandler.java
processing com\github\creeper123123321\viafabric\injection\MixinLoader.java
processing com\github\creeper123123321\viafabric\injection\mixins\MixinGuiDisconnected.java
processing com\github\creeper123123321\viafabric\injection\mixins\MixinGuiMainMenu.java
processing com\github\creeper123123321\viafabric\injection\mixins\MixinGuiMultiplayer.java
processing com\github\creeper123123321\viafabric\injection\mixins\MixinGuiScreenAddServer.java
processing com\github\creeper123123321\viafabric\injection\mixins\MixinGuiScreenServerList.java
processing com\github\creeper123123321\viafabric\injection\mixins\MixinMinecraft.java
processing com\github\creeper123123321\viafabric\injection\mixins\MixinNetworkManager.java
processing com\github\creeper123123321\viafabric\injection\mixins\MixinNetworkManagerChInit.java
processing com\github\creeper123123321\viafabric\platform\VRBossBar.java
processing com\github\creeper123123321\viafabric\platform\VRClientSideUserConnection.java
processing com\github\creeper123123321\viafabric\platform\VRConnectionManager.java
processing com\github\creeper123123321\viafabric\platform\VRInjector.java
processing com\github\creeper123123321\viafabric\platform\VRLoader.java
processing com\github\creeper123123321\viafabric\platform\VRPlatform.java
processing com\github\creeper123123321\viafabric\platform\VRViaAPI.java
processing com\github\creeper123123321\viafabric\platform\VRViaConfig.java
processing com\github\creeper123123321\viafabric\protocol\ViaFabricHostnameProtocol.java
processing com\github\creeper123123321\viafabric\providers\VRVersionProvider.java
processing com\github\creeper123123321\viafabric\util\FutureTaskId.java
processing com\github\creeper123123321\viafabric\util\JLoggerToLog4j.java
processing com\github\creeper123123321\viafabric\util\ProtocolUtils.java
processing de\flori2007\viaforge\gui\GuiProtocolSelector.java
processing de\flori2007\viaforge\platform\ViaBackwardsPlatformImplementation.java
processing de\flori2007\viaforge\platform\ViaRewindPlatformImplementation.java
processing de\flori2007\viaforge\utils\ProtocolSorter.java
